mode: set
goFuzz/fuzzer/fuzzer.go:12.74,14.60 1 0
goFuzz/fuzzer/fuzzer.go:23.2,23.8 1 0
goFuzz/fuzzer/fuzzer.go:14.60,15.48 1 0
goFuzz/fuzzer/fuzzer.go:15.48,21.4 5 0
goFuzz/fuzzer/fuzzer.go:26.43,28.16 2 0
goFuzz/fuzzer/fuzzer.go:31.2,31.34 1 0
goFuzz/fuzzer/fuzzer.go:28.16,30.3 1 0
goFuzz/fuzzer/fuzzer.go:37.54,39.23 2 0
goFuzz/fuzzer/fuzzer.go:42.2,44.45 3 0
goFuzz/fuzzer/fuzzer.go:47.2,49.22 2 0
goFuzz/fuzzer/fuzzer.go:77.2,77.21 1 0
goFuzz/fuzzer/fuzzer.go:39.23,41.3 1 0
goFuzz/fuzzer/fuzzer.go:44.45,46.3 1 0
goFuzz/fuzzer/fuzzer.go:50.9,54.28 3 0
goFuzz/fuzzer/fuzzer.go:57.3,59.71 2 0
goFuzz/fuzzer/fuzzer.go:60.9,63.61 2 0
goFuzz/fuzzer/fuzzer.go:74.10,75.106 1 0
goFuzz/fuzzer/fuzzer.go:54.28,56.4 1 0
goFuzz/fuzzer/fuzzer.go:63.61,66.29 3 0
goFuzz/fuzzer/fuzzer.go:69.4,71.72 2 0
goFuzz/fuzzer/fuzzer.go:66.29,68.5 1 0
goFuzz/fuzzer/fuzzer.go:81.67,82.29 1 0
goFuzz/fuzzer/fuzzer.go:85.2,92.29 5 0
goFuzz/fuzzer/fuzzer.go:97.2,97.33 1 0
goFuzz/fuzzer/fuzzer.go:102.2,104.6 2 0
goFuzz/fuzzer/fuzzer.go:82.29,84.3 1 0
goFuzz/fuzzer/fuzzer.go:92.29,95.3 2 0
goFuzz/fuzzer/fuzzer.go:97.33,100.3 2 0
goFuzz/fuzzer/fuzzer.go:104.6,106.17 2 0
goFuzz/fuzzer/fuzzer.go:110.3,110.15 1 0
goFuzz/fuzzer/fuzzer.go:116.3,117.17 2 0
goFuzz/fuzzer/fuzzer.go:106.17,108.12 2 0
goFuzz/fuzzer/fuzzer.go:110.15,114.12 3 0
goFuzz/fuzzer/fuzzer.go:117.17,119.12 2 0
goFuzz/fuzzer/result.go:20.54,24.31 2 0
goFuzz/fuzzer/result.go:30.2,30.8 1 0
goFuzz/fuzzer/result.go:24.31,25.42 1 0
goFuzz/fuzzer/result.go:25.42,27.4 1 0
goFuzz/fuzzer/result.go:34.108,40.22 4 0
goFuzz/fuzzer/result.go:44.2,49.38 4 0
goFuzz/fuzzer/result.go:56.2,56.20 1 0
goFuzz/fuzzer/result.go:60.2,64.24 2 0
goFuzz/fuzzer/result.go:73.2,73.22 1 0
goFuzz/fuzzer/result.go:77.2,78.24 2 0
goFuzz/fuzzer/result.go:84.2,85.16 2 0
goFuzz/fuzzer/result.go:98.2,98.19 1 0
goFuzz/fuzzer/result.go:109.2,111.24 2 0
goFuzz/fuzzer/result.go:199.2,199.12 1 0
goFuzz/fuzzer/result.go:40.22,42.3 1 0
goFuzz/fuzzer/result.go:49.38,50.31 1 0
goFuzz/fuzzer/result.go:50.31,53.4 2 0
goFuzz/fuzzer/result.go:56.20,58.3 1 0
goFuzz/fuzzer/result.go:64.24,67.17 2 0
goFuzz/fuzzer/result.go:67.17,69.4 1 0
goFuzz/fuzzer/result.go:73.22,75.3 1 0
goFuzz/fuzzer/result.go:78.24,80.3 1 0
goFuzz/fuzzer/result.go:80.8,82.3 1 0
goFuzz/fuzzer/result.go:85.16,87.3 1 0
goFuzz/fuzzer/result.go:87.8,89.17 2 0
goFuzz/fuzzer/result.go:89.17,91.4 1 0
goFuzz/fuzzer/result.go:91.9,94.4 2 0
goFuzz/fuzzer/result.go:98.19,107.3 5 0
goFuzz/fuzzer/result.go:111.24,114.29 1 0
goFuzz/fuzzer/result.go:118.3,121.42 3 0
goFuzz/fuzzer/result.go:114.29,116.4 1 0
goFuzz/fuzzer/result.go:121.42,129.18 2 0
goFuzz/fuzzer/result.go:129.18,131.5 1 0
goFuzz/fuzzer/result.go:133.8,133.32 1 0
goFuzz/fuzzer/result.go:133.32,134.23 1 0
goFuzz/fuzzer/result.go:134.23,139.64 3 0
goFuzz/fuzzer/result.go:139.64,150.5 8 0
goFuzz/fuzzer/result.go:153.8,153.32 1 0
goFuzz/fuzzer/result.go:153.32,154.23 1 0
goFuzz/fuzzer/result.go:154.23,158.76 3 0
goFuzz/fuzzer/result.go:162.4,162.64 1 0
goFuzz/fuzzer/result.go:165.4,166.41 2 0
goFuzz/fuzzer/result.go:171.4,173.43 3 0
goFuzz/fuzzer/result.go:158.76,160.5 1 0
goFuzz/fuzzer/result.go:162.64,164.5 1 0
goFuzz/fuzzer/result.go:166.41,168.5 1 0
goFuzz/fuzzer/result.go:176.8,176.31 1 0
goFuzz/fuzzer/result.go:176.31,177.23 1 0
goFuzz/fuzzer/result.go:177.23,180.70 2 0
goFuzz/fuzzer/result.go:180.70,193.5 4 0
goFuzz/fuzzer/result.go:195.8,197.3 1 0
goFuzz/fuzzer/run.go:24.57,26.2 1 0
goFuzz/fuzzer/run.go:28.58,30.2 1 0
goFuzz/fuzzer/run.go:32.57,34.2 1 0
goFuzz/fuzzer/run.go:36.58,38.2 1 0
goFuzz/fuzzer/run.go:40.121,42.53 1 0
goFuzz/fuzzer/run.go:46.2,54.18 3 0
goFuzz/fuzzer/run.go:42.53,44.3 1 0
goFuzz/fuzzer/run.go:57.66,58.17 1 0
goFuzz/fuzzer/run.go:61.2,61.45 1 0
goFuzz/fuzzer/run.go:58.17,60.3 1 0
goFuzz/fuzzer/run.go:63.88,64.15 1 0
goFuzz/fuzzer/run.go:70.2,79.16 6 0
goFuzz/fuzzer/run.go:83.2,84.16 2 0
goFuzz/fuzzer/run.go:88.2,89.16 2 0
goFuzz/fuzzer/run.go:92.2,93.16 2 0
goFuzz/fuzzer/run.go:100.2,101.16 2 0
goFuzz/fuzzer/run.go:105.2,109.16 3 0
goFuzz/fuzzer/run.go:113.2,114.17 2 0
goFuzz/fuzzer/run.go:121.2,125.33 4 0
goFuzz/fuzzer/run.go:142.2,152.14 9 0
goFuzz/fuzzer/run.go:155.2,155.18 1 0
goFuzz/fuzzer/run.go:158.2,158.18 1 0
goFuzz/fuzzer/run.go:162.2,166.16 3 0
goFuzz/fuzzer/run.go:169.2,178.19 6 0
goFuzz/fuzzer/run.go:188.2,189.18 2 0
goFuzz/fuzzer/run.go:210.2,212.16 3 0
goFuzz/fuzzer/run.go:223.2,225.16 3 0
goFuzz/fuzzer/run.go:241.2,242.16 2 0
goFuzz/fuzzer/run.go:246.2,259.23 4 0
goFuzz/fuzzer/run.go:64.15,65.31 1 0
goFuzz/fuzzer/run.go:65.31,67.4 1 0
goFuzz/fuzzer/run.go:79.16,81.3 1 0
goFuzz/fuzzer/run.go:84.16,86.3 1 0
goFuzz/fuzzer/run.go:89.16,91.3 1 0
goFuzz/fuzzer/run.go:93.16,95.3 1 0
goFuzz/fuzzer/run.go:101.16,103.3 1 0
goFuzz/fuzzer/run.go:109.16,111.3 1 0
goFuzz/fuzzer/run.go:114.17,116.3 1 0
goFuzz/fuzzer/run.go:116.8,118.3 1 0
goFuzz/fuzzer/run.go:125.33,126.26 1 0
goFuzz/fuzzer/run.go:126.26,129.4 1 0
goFuzz/fuzzer/run.go:129.9,131.17 2 0
goFuzz/fuzzer/run.go:134.4,134.110 1 0
goFuzz/fuzzer/run.go:131.17,133.5 1 0
goFuzz/fuzzer/run.go:136.8,136.39 1 0
goFuzz/fuzzer/run.go:136.39,139.3 2 0
goFuzz/fuzzer/run.go:139.8,141.3 1 0
goFuzz/fuzzer/run.go:152.14,154.3 1 0
goFuzz/fuzzer/run.go:155.18,157.3 1 0
goFuzz/fuzzer/run.go:158.18,160.3 1 0
goFuzz/fuzzer/run.go:166.16,168.3 1 0
goFuzz/fuzzer/run.go:178.19,182.50 2 0
goFuzz/fuzzer/run.go:182.50,184.4 1 0
goFuzz/fuzzer/run.go:189.18,192.17 3 0
goFuzz/fuzzer/run.go:196.3,197.17 2 0
goFuzz/fuzzer/run.go:202.3,203.44 2 0
goFuzz/fuzzer/run.go:192.17,194.4 1 0
goFuzz/fuzzer/run.go:197.17,199.4 1 0
goFuzz/fuzzer/run.go:205.8,207.3 1 0
goFuzz/fuzzer/run.go:212.16,214.3 1 0
goFuzz/fuzzer/run.go:214.8,217.17 2 0
goFuzz/fuzzer/run.go:217.17,219.4 1 0
goFuzz/fuzzer/run.go:225.16,228.3 1 0
goFuzz/fuzzer/run.go:228.8,231.17 3 0
goFuzz/fuzzer/run.go:235.3,235.62 1 0
goFuzz/fuzzer/run.go:231.17,233.4 1 0
goFuzz/fuzzer/run.go:235.62,237.4 1 0
goFuzz/fuzzer/run.go:242.16,245.3 1 0
goFuzz/fuzzer/bug.go:54.66,60.31 6 1
goFuzz/fuzzer/bug.go:225.2,225.37 1 1
goFuzz/fuzzer/bug.go:229.2,229.25 1 1
goFuzz/fuzzer/bug.go:233.2,233.20 1 1
goFuzz/fuzzer/bug.go:60.31,61.17 1 1
goFuzz/fuzzer/bug.go:66.3,68.79 2 1
goFuzz/fuzzer/bug.go:61.17,62.12 1 1
goFuzz/fuzzer/bug.go:68.79,70.62 1 1
goFuzz/fuzzer/bug.go:73.4,77.8 2 1
goFuzz/fuzzer/bug.go:100.4,104.18 3 1
goFuzz/fuzzer/bug.go:108.4,108.24 1 1
goFuzz/fuzzer/bug.go:70.62,71.13 1 1
goFuzz/fuzzer/bug.go:77.8,78.32 1 1
goFuzz/fuzzer/bug.go:82.5,82.40 1 1
goFuzz/fuzzer/bug.go:87.5,87.111 1 1
goFuzz/fuzzer/bug.go:92.5,92.50 1 1
goFuzz/fuzzer/bug.go:97.5,97.19 1 1
goFuzz/fuzzer/bug.go:78.32,80.6 1 0
goFuzz/fuzzer/bug.go:82.40,84.14 2 1
goFuzz/fuzzer/bug.go:87.111,89.14 2 1
goFuzz/fuzzer/bug.go:92.50,94.11 1 1
goFuzz/fuzzer/bug.go:104.18,106.13 2 0
goFuzz/fuzzer/bug.go:109.9,109.63 1 1
goFuzz/fuzzer/bug.go:109.63,113.18 2 1
goFuzz/fuzzer/bug.go:119.4,125.18 4 1
goFuzz/fuzzer/bug.go:136.4,138.18 2 1
goFuzz/fuzzer/bug.go:143.4,145.18 2 1
goFuzz/fuzzer/bug.go:150.4,150.50 1 1
goFuzz/fuzzer/bug.go:155.4,157.18 2 1
goFuzz/fuzzer/bug.go:162.4,164.18 2 1
goFuzz/fuzzer/bug.go:169.4,169.50 1 1
goFuzz/fuzzer/bug.go:174.4,176.18 2 1
goFuzz/fuzzer/bug.go:192.4,192.29 1 1
goFuzz/fuzzer/bug.go:206.4,206.20 1 1
goFuzz/fuzzer/bug.go:113.18,115.13 2 0
goFuzz/fuzzer/bug.go:125.19,127.5 0 0
goFuzz/fuzzer/bug.go:127.10,128.44 1 1
goFuzz/fuzzer/bug.go:128.44,130.6 1 0
goFuzz/fuzzer/bug.go:130.11,132.6 1 1
goFuzz/fuzzer/bug.go:138.18,140.13 2 0
goFuzz/fuzzer/bug.go:145.18,147.13 2 0
goFuzz/fuzzer/bug.go:150.50,152.5 1 1
goFuzz/fuzzer/bug.go:157.18,159.13 2 0
goFuzz/fuzzer/bug.go:164.18,166.13 2 0
goFuzz/fuzzer/bug.go:169.50,171.5 1 1
goFuzz/fuzzer/bug.go:176.19,178.5 0 1
goFuzz/fuzzer/bug.go:178.10,181.19 2 0
goFuzz/fuzzer/bug.go:186.5,186.47 1 0
goFuzz/fuzzer/bug.go:181.19,183.14 2 0
goFuzz/fuzzer/bug.go:186.47,188.6 1 0
goFuzz/fuzzer/bug.go:192.29,194.5 1 1
goFuzz/fuzzer/bug.go:194.10,195.50 1 0
goFuzz/fuzzer/bug.go:195.50,196.23 1 0
goFuzz/fuzzer/bug.go:196.23,198.12 2 0
goFuzz/fuzzer/bug.go:206.20,208.5 1 1
goFuzz/fuzzer/bug.go:210.9,210.60 1 1
goFuzz/fuzzer/bug.go:210.60,213.39 2 1
goFuzz/fuzzer/bug.go:213.39,214.44 1 1
goFuzz/fuzzer/bug.go:214.44,215.27 1 1
goFuzz/fuzzer/bug.go:215.27,217.12 2 1
goFuzz/fuzzer/bug.go:225.37,227.3 1 1
goFuzz/fuzzer/bug.go:229.25,231.3 1 1
goFuzz/fuzzer/bug.go:238.68,243.47 4 1
goFuzz/fuzzer/bug.go:247.2,247.25 1 1
goFuzz/fuzzer/bug.go:243.47,245.3 1 0
goFuzz/fuzzer/bug.go:250.79,251.40 1 1
goFuzz/fuzzer/bug.go:256.2,256.92 1 1
goFuzz/fuzzer/bug.go:251.40,252.28 1 1
goFuzz/fuzzer/bug.go:252.28,254.4 1 1
goFuzz/fuzzer/bug.go:259.80,260.40 1 1
goFuzz/fuzzer/bug.go:265.2,265.92 1 0
goFuzz/fuzzer/bug.go:260.40,261.45 1 1
goFuzz/fuzzer/bug.go:261.45,263.4 1 1
goFuzz/fuzzer/utils.go:19.59,21.25 2 0
goFuzz/fuzzer/utils.go:24.2,34.16 8 0
goFuzz/fuzzer/utils.go:38.2,38.43 1 0
goFuzz/fuzzer/utils.go:21.25,23.3 1 0
goFuzz/fuzzer/utils.go:34.16,36.3 1 0
goFuzz/fuzzer/utils.go:42.60,45.29 3 1
goFuzz/fuzzer/utils.go:53.2,53.22 1 1
goFuzz/fuzzer/utils.go:45.29,46.49 1 1
goFuzz/fuzzer/utils.go:49.3,49.17 1 1
goFuzz/fuzzer/utils.go:46.49,47.12 1 0
goFuzz/fuzzer/utils.go:49.17,51.4 1 1
goFuzz/fuzzer/utils.go:58.78,59.15 1 0
goFuzz/fuzzer/utils.go:64.2,68.25 4 0
goFuzz/fuzzer/utils.go:71.2,82.16 8 0
goFuzz/fuzzer/utils.go:86.2,87.16 2 0
goFuzz/fuzzer/utils.go:91.2,92.37 2 0
goFuzz/fuzzer/utils.go:98.2,98.21 1 0
goFuzz/fuzzer/utils.go:59.15,61.3 1 0
goFuzz/fuzzer/utils.go:68.25,70.3 1 0
goFuzz/fuzzer/utils.go:82.16,84.3 1 0
goFuzz/fuzzer/utils.go:87.16,89.3 1 0
goFuzz/fuzzer/utils.go:92.37,97.3 1 0
goFuzz/fuzzer/utils.go:101.64,104.29 3 1
goFuzz/fuzzer/utils.go:115.2,115.22 1 1
goFuzz/fuzzer/utils.go:104.29,111.105 1 1
goFuzz/fuzzer/utils.go:111.105,113.4 1 1
goFuzz/fuzzer/utils.go:118.42,119.22 1 1
goFuzz/fuzzer/utils.go:124.2,124.14 1 0
goFuzz/fuzzer/utils.go:119.22,120.13 1 1
goFuzz/fuzzer/utils.go:120.13,122.4 1 1
goFuzz/fuzzer/utils.go:128.34,130.24 2 0
goFuzz/fuzzer/utils.go:130.24,132.3 1 0
goFuzz/fuzzer/utils.go:132.8,135.3 1 0
goFuzz/fuzzer/utils.go:138.43,146.16 6 0
goFuzz/fuzzer/utils.go:150.2,150.51 1 0
goFuzz/fuzzer/utils.go:146.16,148.3 1 0
goFuzz/fuzzer/utils.go:155.33,157.2 1 0
goFuzz/fuzzer/utils.go:159.37,163.33 2 0
goFuzz/fuzzer/utils.go:163.33,170.3 2 0
goFuzz/fuzzer/worker.go:12.57,13.12 1 0
goFuzz/fuzzer/worker.go:13.12,16.36 2 0
goFuzz/fuzzer/worker.go:52.3,52.12 1 0
goFuzz/fuzzer/worker.go:16.36,20.19 2 0
goFuzz/fuzzer/worker.go:20.19,23.9 3 0
goFuzz/fuzzer/worker.go:23.9,24.13 1 0
goFuzz/fuzzer/worker.go:26.39,28.43 2 0
goFuzz/fuzzer/worker.go:32.7,34.21 3 0
goFuzz/fuzzer/worker.go:38.7,39.21 2 0
goFuzz/fuzzer/worker.go:43.42,45.13 2 0
goFuzz/fuzzer/worker.go:28.43,30.16 2 0
goFuzz/fuzzer/worker.go:34.21,36.16 2 0
goFuzz/fuzzer/worker.go:39.21,41.16 2 0
goFuzz/fuzzer/fuzz_query_entry.go:23.42,25.2 1 1
goFuzz/fuzzer/fuzz_query_entry.go:27.73,35.2 1 0
goFuzz/fuzzer/fuzz_query_entry.go:37.80,45.2 1 0
goFuzz/fuzzer/fuzz_query_entry.go:50.74,54.42 2 0
goFuzz/fuzzer/fuzz_query_entry.go:58.2,60.26 2 0
goFuzz/fuzzer/fuzz_query_entry.go:120.2,120.29 1 0
goFuzz/fuzzer/fuzz_query_entry.go:124.2,124.12 1 0
goFuzz/fuzzer/fuzz_query_entry.go:54.42,56.3 1 0
goFuzz/fuzzer/fuzz_query_entry.go:60.26,63.17 2 0
goFuzz/fuzzer/fuzz_query_entry.go:66.3,66.33 1 0
goFuzz/fuzzer/fuzz_query_entry.go:63.17,65.4 1 0
goFuzz/fuzzer/fuzz_query_entry.go:67.8,67.34 1 0
goFuzz/fuzzer/fuzz_query_entry.go:67.34,70.17 2 0
goFuzz/fuzzer/fuzz_query_entry.go:73.3,73.33 1 0
goFuzz/fuzzer/fuzz_query_entry.go:70.17,72.4 1 0
goFuzz/fuzzer/fuzz_query_entry.go:74.8,74.34 1 0
goFuzz/fuzzer/fuzz_query_entry.go:74.34,76.17 2 0
goFuzz/fuzzer/fuzz_query_entry.go:79.3,79.33 1 0
goFuzz/fuzzer/fuzz_query_entry.go:76.17,78.4 1 0
goFuzz/fuzzer/fuzz_query_entry.go:80.8,80.33 1 0
goFuzz/fuzzer/fuzz_query_entry.go:80.33,83.33 2 0
goFuzz/fuzzer/fuzz_query_entry.go:90.3,94.75 5 0
goFuzz/fuzzer/fuzz_query_entry.go:114.3,115.31 2 0
goFuzz/fuzzer/fuzz_query_entry.go:83.33,88.4 3 0
goFuzz/fuzzer/fuzz_query_entry.go:94.75,96.18 2 0
goFuzz/fuzzer/fuzz_query_entry.go:100.4,101.60 2 0
goFuzz/fuzzer/fuzz_query_entry.go:105.4,108.18 4 0
goFuzz/fuzzer/fuzz_query_entry.go:111.4,112.18 2 0
goFuzz/fuzzer/fuzz_query_entry.go:96.18,98.13 2 0
goFuzz/fuzzer/fuzz_query_entry.go:101.60,103.13 2 0
goFuzz/fuzzer/fuzz_query_entry.go:108.18,110.5 1 0
goFuzz/fuzzer/fuzz_query_entry.go:116.8,118.3 1 0
goFuzz/fuzzer/fuzz_query_entry.go:120.29,122.3 1 0
goFuzz/fuzzer/fuzz_query_entry.go:129.77,131.26 1 0
goFuzz/fuzzer/fuzz_query_entry.go:134.2,134.46 1 0
goFuzz/fuzzer/fuzz_query_entry.go:131.26,133.3 1 0
goFuzz/fuzzer/record.go:15.48,18.36 2 0
goFuzz/fuzzer/record.go:22.2,22.15 1 0
goFuzz/fuzzer/record.go:18.36,20.3 1 0
goFuzz/fuzzer/record.go:37.28,39.2 1 1
goFuzz/fuzzer/record.go:41.55,44.20 3 0
goFuzz/fuzzer/record.go:48.2,54.32 3 0
goFuzz/fuzzer/record.go:76.2,76.25 1 0
goFuzz/fuzzer/record.go:80.2,80.49 1 0
goFuzz/fuzzer/record.go:110.2,110.23 1 0
goFuzz/fuzzer/record.go:44.20,46.3 1 0
goFuzz/fuzzer/record.go:54.32,55.33 1 0
goFuzz/fuzzer/record.go:59.3,59.21 1 0
goFuzz/fuzzer/record.go:62.3,63.23 2 0
goFuzz/fuzzer/record.go:66.3,67.55 2 0
goFuzz/fuzzer/record.go:70.3,70.55 1 0
goFuzz/fuzzer/record.go:73.3,73.42 1 0
goFuzz/fuzzer/record.go:55.33,57.9 2 0
goFuzz/fuzzer/record.go:59.21,60.12 1 0
goFuzz/fuzzer/record.go:63.23,65.4 1 0
goFuzz/fuzzer/record.go:67.55,69.4 1 0
goFuzz/fuzzer/record.go:70.55,72.4 1 0
goFuzz/fuzzer/record.go:76.25,78.3 1 0
goFuzz/fuzzer/record.go:80.49,82.21 2 0
goFuzz/fuzzer/record.go:86.3,87.23 2 0
goFuzz/fuzzer/record.go:90.3,92.23 3 0
goFuzz/fuzzer/record.go:97.3,97.23 1 0
goFuzz/fuzzer/record.go:102.3,102.65 1 0
goFuzz/fuzzer/record.go:105.3,105.66 1 0
goFuzz/fuzzer/record.go:108.3,108.52 1 0
goFuzz/fuzzer/record.go:82.21,83.12 1 0
goFuzz/fuzzer/record.go:87.23,89.4 1 0
goFuzz/fuzzer/record.go:92.23,94.4 1 0
goFuzz/fuzzer/record.go:94.9,96.4 1 0
goFuzz/fuzzer/record.go:97.23,99.4 1 0
goFuzz/fuzzer/record.go:99.9,101.4 1 0
goFuzz/fuzzer/record.go:102.65,104.4 1 0
goFuzz/fuzzer/record.go:105.66,107.4 1 0
goFuzz/fuzzer/record.go:113.60,116.53 1 0
goFuzz/fuzzer/record.go:127.2,127.54 1 0
goFuzz/fuzzer/record.go:149.2,149.19 1 0
goFuzz/fuzzer/record.go:116.53,118.12 2 0
goFuzz/fuzzer/record.go:118.12,119.25 1 0
goFuzz/fuzzer/record.go:119.25,121.5 1 0
goFuzz/fuzzer/record.go:122.9,124.4 1 0
goFuzz/fuzzer/record.go:127.54,129.12 2 0
goFuzz/fuzzer/record.go:129.12,131.63 1 0
goFuzz/fuzzer/record.go:134.4,134.69 1 0
goFuzz/fuzzer/record.go:137.4,137.47 1 0
goFuzz/fuzzer/record.go:140.4,142.49 2 0
goFuzz/fuzzer/record.go:131.63,133.5 1 0
goFuzz/fuzzer/record.go:134.69,136.5 1 0
goFuzz/fuzzer/record.go:137.47,139.5 1 0
goFuzz/fuzzer/record.go:143.9,146.4 1 0
goFuzz/fuzzer/context.go:58.36,69.2 1 1
goFuzz/fuzzer/context.go:71.68,73.31 2 1
goFuzz/fuzzer/context.go:77.2,83.37 6 1
goFuzz/fuzzer/context.go:73.31,76.3 2 0
goFuzz/fuzzer/context.go:86.66,92.2 5 1
goFuzz/fuzzer/context.go:94.37,96.2 1 0
goFuzz/fuzzer/context.go:98.53,100.2 1 0
goFuzz/fuzzer/context.go:102.55,104.2 1 0
goFuzz/fuzzer/context.go:106.48,111.2 4 1
goFuzz/fuzzer/context.go:113.63,121.2 3 1
goFuzz/fuzzer/context.go:123.73,129.51 5 1
goFuzz/fuzzer/context.go:136.2,136.41 1 1
goFuzz/fuzzer/context.go:129.51,134.3 2 1
goFuzz/fuzzer/context.go:136.41,138.3 1 1
goFuzz/fuzzer/context.go:141.78,147.51 5 0
goFuzz/fuzzer/context.go:154.2,154.32 1 0
goFuzz/fuzzer/context.go:147.51,152.3 2 0
goFuzz/fuzzer/context.go:154.32,156.3 1 0
goFuzz/fuzzer/context.go:159.62,164.2 3 1
goFuzz/fuzzer/feedback.go:19.54,21.53 2 0
goFuzz/fuzzer/feedback.go:36.2,36.54 1 0
goFuzz/fuzzer/feedback.go:67.2,67.14 1 0
goFuzz/fuzzer/feedback.go:21.53,23.12 2 0
goFuzz/fuzzer/feedback.go:23.12,25.25 1 0
goFuzz/fuzzer/feedback.go:25.25,29.5 3 0
goFuzz/fuzzer/feedback.go:30.9,33.4 1 0
goFuzz/fuzzer/feedback.go:36.54,39.12 2 0
goFuzz/fuzzer/feedback.go:39.12,41.63 1 0
goFuzz/fuzzer/feedback.go:44.4,44.69 1 0
goFuzz/fuzzer/feedback.go:49.4,49.47 1 0
goFuzz/fuzzer/feedback.go:41.63,43.5 1 0
goFuzz/fuzzer/feedback.go:44.69,46.5 1 0
goFuzz/fuzzer/feedback.go:49.47,56.68 4 0
goFuzz/fuzzer/feedback.go:56.68,58.6 1 0
goFuzz/fuzzer/feedback.go:61.9,64.4 1 0
goFuzz/fuzzer/input.go:36.33,37.24 1 1
goFuzz/fuzzer/input.go:43.2,43.16 1 0
goFuzz/fuzzer/input.go:37.24,39.3 1 0
goFuzz/fuzzer/input.go:39.8,39.30 1 0
goFuzz/fuzzer/input.go:39.30,41.3 1 0
goFuzz/fuzzer/input.go:47.30,50.24 2 0
goFuzz/fuzzer/input.go:62.2,62.12 1 0
goFuzz/fuzzer/input.go:50.24,51.32 1 0
goFuzz/fuzzer/input.go:51.32,55.4 2 0
goFuzz/fuzzer/input.go:55.9,57.4 1 0
goFuzz/fuzzer/input.go:58.8,58.30 1 0
goFuzz/fuzzer/input.go:58.30,60.3 1 0
goFuzz/fuzzer/input.go:65.59,66.14 1 0
goFuzz/fuzzer/input.go:69.2,72.46 2 0
goFuzz/fuzzer/input.go:78.2,81.11 4 0
goFuzz/fuzzer/input.go:88.2,88.14 1 0
goFuzz/fuzzer/input.go:66.14,68.3 1 0
goFuzz/fuzzer/input.go:72.46,75.3 2 0
goFuzz/fuzzer/input.go:81.11,82.21 1 0
goFuzz/fuzzer/input.go:82.21,85.4 2 0
goFuzz/fuzzer/input.go:106.53,110.2 3 1
goFuzz/fuzzer/input.go:117.57,119.16 2 0
goFuzz/fuzzer/input.go:122.2,129.12 6 0
goFuzz/fuzzer/input.go:119.16,121.3 1 0
goFuzz/fuzzer/input.go:132.47,136.34 2 0
goFuzz/fuzzer/input.go:143.2,146.46 2 0
goFuzz/fuzzer/input.go:154.2,154.8 1 0
goFuzz/fuzzer/input.go:136.34,138.3 1 0
goFuzz/fuzzer/input.go:138.8,140.3 1 0
goFuzz/fuzzer/input.go:146.46,153.3 5 0
goFuzz/fuzzer/input.go:157.42,161.2 3 0
goFuzz/fuzzer/input.go:163.78,164.51 1 0
goFuzz/fuzzer/input.go:169.2,169.14 1 0
goFuzz/fuzzer/input.go:164.51,165.37 1 0
goFuzz/fuzzer/input.go:165.37,167.4 1 0
goFuzz/fuzzer/input.go:172.53,176.20 3 1
goFuzz/fuzzer/input.go:180.2,188.16 4 1
goFuzz/fuzzer/input.go:193.2,194.39 2 1
goFuzz/fuzzer/input.go:206.2,206.22 1 1
goFuzz/fuzzer/input.go:176.20,178.3 1 0
goFuzz/fuzzer/input.go:188.16,190.3 1 1
goFuzz/fuzzer/input.go:194.39,195.21 1 1
goFuzz/fuzzer/input.go:198.3,199.17 2 1
goFuzz/fuzzer/input.go:203.3,203.64 1 1
goFuzz/fuzzer/input.go:195.21,196.12 1 0
goFuzz/fuzzer/input.go:199.17,201.4 1 0
goFuzz/fuzzer/input.go:211.58,215.22 4 1
goFuzz/fuzzer/input.go:218.2,219.71 2 1
goFuzz/fuzzer/input.go:222.2,222.71 1 1
goFuzz/fuzzer/input.go:225.2,225.72 1 1
goFuzz/fuzzer/input.go:228.2,228.26 1 1
goFuzz/fuzzer/input.go:215.22,217.3 1 1
goFuzz/fuzzer/input.go:219.71,221.3 1 0
goFuzz/fuzzer/input.go:222.71,224.3 1 0
goFuzz/fuzzer/input.go:225.72,227.3 1 0
goFuzz/fuzzer/input.go:231.50,238.2 1 0
goFuzz/fuzzer/input.go:240.37,241.15 1 0
goFuzz/fuzzer/input.go:245.2,248.3 1 0
goFuzz/fuzzer/input.go:241.15,243.3 1 0
goFuzz/fuzzer/input.go:252.37,260.46 2 0
goFuzz/fuzzer/input.go:263.2,263.17 1 0
goFuzz/fuzzer/input.go:260.46,262.3 1 0
goFuzz/fuzzer/metrics.go:40.61,41.12 1 0
goFuzz/fuzzer/metrics.go:41.12,42.16 1 0
goFuzz/fuzzer/metrics.go:48.3,49.17 2 0
goFuzz/fuzzer/metrics.go:52.3,55.7 3 0
goFuzz/fuzzer/metrics.go:42.16,43.36 1 0
goFuzz/fuzzer/metrics.go:43.36,45.5 1 0
goFuzz/fuzzer/metrics.go:49.17,51.4 1 0
goFuzz/fuzzer/metrics.go:55.7,58.18 3 0
goFuzz/fuzzer/metrics.go:62.4,62.40 1 0
goFuzz/fuzzer/metrics.go:66.4,66.42 1 0
goFuzz/fuzzer/metrics.go:70.4,71.18 2 0
goFuzz/fuzzer/metrics.go:75.4,75.19 1 0
goFuzz/fuzzer/metrics.go:58.18,60.13 2 0
goFuzz/fuzzer/metrics.go:62.40,64.13 2 0
goFuzz/fuzzer/metrics.go:66.42,68.13 2 0
goFuzz/fuzzer/metrics.go:71.18,73.13 2 0
goFuzz/fuzzer/metrics.go:75.19,77.13 2 0
goFuzz/fuzzer/metrics.go:85.60,98.2 1 0
goFuzz/fuzzer/metrics.go:100.70,110.16 9 0
goFuzz/fuzzer/metrics.go:113.2,113.15 1 0
goFuzz/fuzzer/metrics.go:110.16,112.3 1 0
goFuzz/fuzzer/op_cov.go:28.57,31.16 3 0
goFuzz/fuzzer/op_cov.go:34.2,35.16 2 0
goFuzz/fuzzer/op_cov.go:39.2,41.28 3 0
goFuzz/fuzzer/op_cov.go:45.2,48.32 2 0
goFuzz/fuzzer/op_cov.go:52.2,52.34 1 0
goFuzz/fuzzer/op_cov.go:56.2,56.45 1 0
goFuzz/fuzzer/op_cov.go:60.2,60.22 1 0
goFuzz/fuzzer/op_cov.go:31.16,33.3 1 0
goFuzz/fuzzer/op_cov.go:35.16,37.3 1 0
goFuzz/fuzzer/op_cov.go:41.28,43.3 1 0
goFuzz/fuzzer/op_cov.go:48.32,50.3 1 0
goFuzz/fuzzer/op_cov.go:52.34,54.3 1 0
goFuzz/fuzzer/op_cov.go:56.45,58.3 1 0
goFuzz/fuzzer/op_cov.go:65.83,68.29 3 1
goFuzz/fuzzer/op_cov.go:80.2,80.21 1 1
goFuzz/fuzzer/op_cov.go:68.29,69.17 1 1
goFuzz/fuzzer/op_cov.go:72.3,73.22 2 1
goFuzz/fuzzer/op_cov.go:77.3,77.31 1 1
goFuzz/fuzzer/op_cov.go:69.17,70.12 1 1
goFuzz/fuzzer/op_cov.go:73.22,75.12 2 0
goFuzz/fuzzer/op_cov.go:83.40,87.2 3 0
goFuzz/fuzzer/op_cov.go:88.70,89.25 1 1
goFuzz/fuzzer/op_cov.go:92.2,92.25 1 1
goFuzz/fuzzer/op_cov.go:89.25,91.3 1 0
goFuzz/fuzzer/op_cov.go:92.25,93.43 1 1
goFuzz/fuzzer/op_cov.go:93.43,95.4 1 1
goFuzz/fuzzer/op_cov.go:99.51,104.2 4 0
goFuzz/fuzzer/op_cov.go:106.117,110.52 3 1
goFuzz/fuzzer/op_cov.go:114.2,114.37 1 1
goFuzz/fuzzer/op_cov.go:129.2,129.15 1 1
goFuzz/fuzzer/op_cov.go:110.52,112.3 1 0
goFuzz/fuzzer/op_cov.go:114.37,117.12 2 1
goFuzz/fuzzer/op_cov.go:117.12,118.13 1 1
goFuzz/fuzzer/op_cov.go:119.18,120.28 1 1
goFuzz/fuzzer/op_cov.go:121.39,122.26 1 1
goFuzz/fuzzer/op_cov.go:123.12,124.39 1 0
goFuzz/fuzzer/op_cov.go:132.58,134.2 1 0
goFuzz/fuzzer/op_cov.go:136.90,140.23 3 1
goFuzz/fuzzer/op_cov.go:144.2,146.25 2 1
goFuzz/fuzzer/op_cov.go:165.2,165.15 1 1
goFuzz/fuzzer/op_cov.go:140.23,142.3 1 0
goFuzz/fuzzer/op_cov.go:146.25,147.34 1 1
goFuzz/fuzzer/op_cov.go:150.3,153.12 3 1
goFuzz/fuzzer/op_cov.go:147.34,148.12 1 0
goFuzz/fuzzer/op_cov.go:153.12,154.13 1 1
goFuzz/fuzzer/op_cov.go:155.18,156.28 1 0
goFuzz/fuzzer/op_cov.go:157.39,158.26 1 1
goFuzz/fuzzer/op_cov.go:159.12,160.39 1 0
goFuzz/fuzzer/op_cov.go:168.78,172.2 3 0
goFuzz/fuzzer/op_cov.go:174.88,178.2 3 0
goFuzz/fuzzer/case_cov.go:22.67,27.2 4 0
goFuzz/fuzzer/case_cov.go:29.110,30.45 1 1
goFuzz/fuzzer/case_cov.go:34.2,41.28 2 1
goFuzz/fuzzer/case_cov.go:50.2,51.12 2 1
goFuzz/fuzzer/case_cov.go:30.45,32.3 1 0
goFuzz/fuzzer/case_cov.go:41.28,43.37 2 1
goFuzz/fuzzer/case_cov.go:47.3,47.67 1 1
goFuzz/fuzzer/case_cov.go:43.37,46.4 2 1
goFuzz/fuzzer/case_cov.go:54.70,59.2 4 0
goFuzz/fuzzer/case_cov.go:61.113,64.12 2 1
goFuzz/fuzzer/case_cov.go:67.2,67.28 1 1
goFuzz/fuzzer/case_cov.go:73.2,76.12 3 1
goFuzz/fuzzer/case_cov.go:64.12,66.3 1 0
goFuzz/fuzzer/case_cov.go:67.28,71.3 3 1
goFuzz/fuzzer/case_cov.go:79.70,83.12 4 0
goFuzz/fuzzer/case_cov.go:86.2,89.12 3 0
goFuzz/fuzzer/case_cov.go:92.2,92.14 1 0
goFuzz/fuzzer/case_cov.go:83.12,85.3 1 0
goFuzz/fuzzer/case_cov.go:89.12,91.3 1 0
goFuzz/fuzzer/case_cov.go:95.82,100.2 4 0
goFuzz/fuzzer/case_cov.go:103.125,105.12 2 1
goFuzz/fuzzer/case_cov.go:108.2,109.16 2 1
goFuzz/fuzzer/case_cov.go:113.2,114.43 2 1
goFuzz/fuzzer/case_cov.go:120.2,122.96 2 1
goFuzz/fuzzer/case_cov.go:105.12,107.3 1 0
goFuzz/fuzzer/case_cov.go:109.16,111.3 1 0
goFuzz/fuzzer/case_cov.go:114.43,115.50 1 1
goFuzz/fuzzer/case_cov.go:115.50,117.4 1 1
